<?xml version="1.0" encoding="UTF-8"?>
<!-- Generated by org.testng.reporters.JUnitXMLReporter -->
<testsuite hostname="DESKTOP-D1233BU" ignored="0" name="Test" tests="5" failures="0" timestamp="2021-10-19T16:47:27 IST" time="0.063" errors="0">
  <testcase name="createOrgTest" time="0.0" classname="com.crm.orgTest.OrgTest"/>
  <testcase name="editOrgTest" time="0.0" classname="com.crm.orgTest.OrgTest"/>
  <testcase name="createContactTest" time="0.0" classname="com.crm.contactTest.ContactTest"/>
  <testcase name="editContactTest" time="0.0" classname="com.crm.contactTest.ContactTest"/>
  <testcase name="sampleTest" time="0.0" classname="com.crm.contactTest.SampleTest"/>
</testsuite> <!-- Test -->
