<?xml version="1.0" encoding="UTF-8"?>
<testng-results skipped="0" failed="0" ignored="0" total="1" passed="1">
  <reporter-output>
  </reporter-output>
  <suite name="Default suite" duration-ms="46" started-at="2021-10-19T16:52:00 IST" finished-at="2021-10-19T16:52:00 IST">
    <groups>
    </groups>
    <test name="Default test" duration-ms="46" started-at="2021-10-19T16:52:00 IST" finished-at="2021-10-19T16:52:00 IST">
      <class name="com.crm.contactTest.SampleTest">
        <test-method status="PASS" signature="sampleTest()[pri:0, instance:com.crm.contactTest.SampleTest@27a8c74e]" name="sampleTest" duration-ms="15" started-at="2021-10-19T16:52:00 IST" finished-at="2021-10-19T16:52:00 IST">
          <reporter-output>
          </reporter-output>
        </test-method> <!-- sampleTest -->
      </class> <!-- com.crm.contactTest.SampleTest -->
    </test> <!-- Default test -->
  </suite> <!-- Default suite -->
</testng-results>
