<?xml version="1.0" encoding="UTF-8"?>
<!-- Generated by org.testng.reporters.JUnitXMLReporter -->
<testsuite hostname="DESKTOP-D1233BU" ignored="0" name="Command line test" tests="5" failures="0" timestamp="2021-10-19T06:59:33 IST" time="0.063" errors="0">
  <testcase name="createContactTest" time="0.008" classname="com.crm.contactTest.ContactTest"/>
  <testcase name="editContactTest" time="0.0" classname="com.crm.contactTest.ContactTest"/>
  <testcase name="sampleTest" time="0.0" classname="com.crm.contactTest.SampleTest"/>
  <testcase name="createOrgTest" time="0.0" classname="com.crm.orgTest.OrgTest"/>
  <testcase name="editOrgTest" time="0.0" classname="com.crm.orgTest.OrgTest"/>
</testsuite> <!-- Command line test -->
