<?xml version="1.0" encoding="UTF-8"?>
<testng-results skipped="0" failed="0" ignored="1" total="2" passed="1">
  <reporter-output>
  </reporter-output>
  <suite name="Suite" duration-ms="28" started-at="2021-10-19T07:02:39 IST" finished-at="2021-10-19T07:02:39 IST">
    <groups>
      <group name="smoke testing">
        <method signature="OrgTest.editOrgTest()[pri:0, instance:com.crm.orgTest.OrgTest@25bbe1b6]" name="editOrgTest" class="com.crm.orgTest.OrgTest"/>
      </group> <!-- smoke testing -->
    </groups>
    <test name="Test" duration-ms="28" started-at="2021-10-19T07:02:39 IST" finished-at="2021-10-19T07:02:39 IST">
      <class name="com.crm.orgTest.OrgTest">
        <test-method status="PASS" signature="editOrgTest()[pri:0, instance:com.crm.orgTest.OrgTest@25bbe1b6]" name="editOrgTest" duration-ms="0" started-at="2021-10-19T07:02:39 IST" finished-at="2021-10-19T07:02:39 IST">
          <reporter-output>
          </reporter-output>
        </test-method> <!-- editOrgTest -->
      </class> <!-- com.crm.orgTest.OrgTest -->
    </test> <!-- Test -->
  </suite> <!-- Suite -->
</testng-results>
